Arguments: 
  D:\Program Files\nodejs\node.exe C:\Users\Objec\AppData\Roaming\npm\node_modules\yarn\bin\yarn.js add @object-game/ts-game-toolbox

PATH: 
  C:\Program Files (x86)\Common Files\Oracle\Java\javapath;C:\WINDOWS\system32;C:\WINDOWS;C:\WINDOWS\System32\Wbem;C:\WINDOWS\System32\WindowsPowerShell\v1.0\;C:\WINDOWS\System32\OpenSSH\;D:\Program Files\Git\cmd;D:\Program Files\dotnet\;D:\Program Files\FPC\3.0.4\bin\i386-Win32;D:\Program Files\nasm;;D:\Program Files\nodejs\;C:\Program Files\Docker\Docker\resources\bin;C:\ProgramData\DockerDesktop\version-bin;D:\Program Files\LLVM\bin;D:\Program Files (x86)\ELM\0.19.1\bin;C:\Users\Objec\AppData\Local\Microsoft\WindowsApps;;D:\Users\Objec\AppData\Local\Programs\Microsoft VS Code\bin;C:\Users\Objec\AppData\Roaming\npm;C:\Users\Objec\.dotnet\tools

Yarn version: 
  1.22.5

Node version: 
  14.16.0

Platform: 
  win32 x64

Trace: 
  Error: https://registry.yarnpkg.com/@object-game%2fts-game-toolbox: Not found
      at Request.params.callback [as _callback] (C:\Users\Objec\AppData\Roaming\npm\node_modules\yarn\lib\cli.js:66988:18)
      at Request.self.callback (C:\Users\Objec\AppData\Roaming\npm\node_modules\yarn\lib\cli.js:140662:22)
      at Request.emit (events.js:315:20)
      at Request.<anonymous> (C:\Users\Objec\AppData\Roaming\npm\node_modules\yarn\lib\cli.js:141634:10)
      at Request.emit (events.js:315:20)
      at IncomingMessage.<anonymous> (C:\Users\Objec\AppData\Roaming\npm\node_modules\yarn\lib\cli.js:141556:12)
      at Object.onceWrapper (events.js:421:28)
      at IncomingMessage.emit (events.js:327:22)
      at endReadableNT (internal/streams/readable.js:1327:12)
      at processTicksAndRejections (internal/process/task_queues.js:80:21)

npm manifest: 
  {
    "name": "text-only-jam-2021-8bits-to-infinity-start-small",
    "version": "1.0.0",
    "main": "index.js",
    "license": "MIT"
  }

yarn manifest: 
  No manifest

Lockfile: 
  No lockfile
